# t	<x>	<p>	C(t)
0.0	0.9986797389857407	(0.010878791996423803+0.02216391513136901j)	0.5067784086587052
0.2	2.5778544636299725	(0.24157201346335924+0.03735155785084132j)	0.5067784086587052
0.4	3.6044244193518846	(-0.10962949869251756-0.07517914148284582j)	0.5067784086587053
0.6000000000000001	4.115078704192947	(-0.051320670943250025-0.30670140533937j)	0.5067784086587054
0.8	4.7480795354989995	(0.17096562028455142-0.15743676286890962j)	0.5067784086587055
1.0	4.789832779796101	(0.9328882148974463-1.1356068758670042j)	0.5067784086587056
1.2000000000000002	5.122554302044903	(-0.3234600055202203+0.16761503415529608j)	0.5067784086587057
1.4000000000000001	5.279730738990229	(0.09850892254232031+0.12220187393042138j)	0.5067784086587058
1.6	5.433831783433871	(-0.4102547857417032-0.13391829980640402j)	0.506778408658706
1.8	5.449723525227391	(-0.2958986458378902-0.31157831824651216j)	0.5067784086587062
2.0	5.532454324335296	(0.5721729199261418+0.5266928321916399j)	0.5067784086587062
2.2	5.557451423744979	(-0.19263785229152638-0.9964745520608785j)	0.5067784086587063
2.4000000000000004	5.4971849043963985	(-0.0681874571094171-0.020559889194578993j)	0.5067784086587064
2.6	5.752491366664846	(2.8304802554405115-0.6493595480309654j)	0.5067784086587064
2.8000000000000003	5.768170619926837	(0.15088972362692873+0.47304976207856536j)	0.5067784086587065
3.0	5.647000643592847	(0.793674316691935+0.057241488171926945j)	0.5067784086587066
3.2	5.854425354786835	(0.18697396205379946+0.23174441441841223j)	0.5067784086587067
3.4000000000000004	5.620290478128263	(0.4613199059999734-0.3687148985512233j)	0.5067784086587068
3.6	5.973228732572492	(-0.13937740286947398+0.2380589695249833j)	0.506778408658707
3.8000000000000003	5.8772146163458405	(0.7747577718105574-0.5236540166702933j)	0.5067784086587072
4.0	5.619753413048471	(-0.6574685075119279+0.2976902434073277j)	0.5067784086587073
4.2	5.693148523495892	(-0.6672317249960483+0.38114624328936114j)	0.5067784086587074
4.4	5.979460783338772	(-0.8477320217398715+0.06263126541324504j)	0.5067784086587075
4.6000000000000005	5.717239362940317	(0.6066575035822318-0.8185623228610664j)	0.5067784086587075
4.800000000000001	5.592535714865939	(0.056808095488126154+0.3718142081475423j)	0.5067784086587076
5.0	5.879855214349984	(-1.6165199469046088-1.1181261989678106j)	0.5067784086587078
5.2	6.02806444574789	(-1.6652846196117708-1.3060515711889225j)	0.5067784086587079
5.4	5.800860381279999	(0.5183924305973325+0.7928339000818013j)	0.506778408658708
5.6000000000000005	5.810386173401591	(-0.6243258163853366-0.14487814080174174j)	0.5067784086587083
5.800000000000001	6.017841251332564	(-0.5027307976965307-0.17761258891981335j)	0.5067784086587084
6.0	5.817234754281705	(-0.000443649285407697-0.4977653394464494j)	0.5067784086587085
6.2	5.7646546258515485	(-0.013287613653726113-0.08495024860631055j)	0.5067784086587086
6.4	6.157238596888487	(0.9656154358499932-1.0604522915331027j)	0.5067784086587087
6.6000000000000005	6.07841604810597	(0.07538484466955088-0.33336647020736604j)	0.5067784086587088
6.800000000000001	5.785309534955101	(-0.08433612431940306+0.9749468172419822j)	0.506778408658709
7.0	6.0138015636295865	(0.6492647414329663-1.58492971933566j)	0.5067784086587092
7.2	5.799109331038769	(-0.04057254039398601-0.19394449453025434j)	0.5067784086587092
7.4	6.064467928235557	(0.23873453325427668-0.3485446756203291j)	0.5067784086587093
7.6000000000000005	6.146381847638064	(-1.0371540115163869-0.6054182827732327j)	0.5067784086587095
7.800000000000001	5.922737673964834	(-0.7359404278256108+1.0394536175571272j)	0.5067784086587096
8.0	5.940193475891499	(-0.45607681230572844-1.1172968982404377j)	0.5067784086587099
8.200000000000001	5.97979847250596	(-0.9005955916612319-0.6201775323077421j)	0.5067784086587099
8.4	6.247752205753812	(-0.880146076804698+0.13662844850638445j)	0.5067784086587102
8.6	5.9314705766515035	(0.2687702371585965-0.17519579272806488j)	0.5067784086587102
8.8	6.485150275943295	(-0.1387229044120548+1.6754013158607832j)	0.5067784086587103
9.0	6.0695721821072794	(0.6065285087548913+0.4095923757263059j)	0.5067784086587104
9.200000000000001	6.041937773433182	(0.031028879618178365+0.4476457516297856j)	0.5067784086587106
9.4	5.879642646033772	(0.795244939945103-0.09515819629742844j)	0.5067784086587107
9.600000000000001	5.956230688594988	(0.660438963475284+0.6789484197766809j)	0.5067784086587109
9.8	6.152193388030577	(-0.36404517424064153-0.41494309716428923j)	0.5067784086587109
10.0	5.6756852448142645	(-1.5690780013107066+0.28320444445272125j)	0.506778408658711
10.200000000000001	5.934081360808127	(1.6370199108400703-0.765806701022513j)	0.5067784086587112
10.4	6.221912951205124	(0.7142589344594258+0.2108698859558632j)	0.5067784086587114
10.600000000000001	6.1919958346518005	(0.29750712796967643+0.3248842762861328j)	0.5067784086587115
10.8	6.186773465255279	(-1.2688874757147288+1.3258778329869731j)	0.5067784086587116
11.0	6.2964454513455115	(-1.3206960634572131+0.22550902762748878j)	0.5067784086587118
11.200000000000001	6.038431572181939	(0.6886300639957275-0.7070610136787633j)	0.5067784086587119
11.4	6.258959617579398	(0.8198456697956468+0.8940225634362037j)	0.506778408658712
11.600000000000001	6.344251696920463	(1.410868339913839-0.31068340002910033j)	0.5067784086587122
11.8	6.418892932783031	(-0.16883554800696576-0.10819173187696378j)	0.5067784086587123
12.0	6.381247844324574	(-0.4413500225207415-0.1844963335837388j)	0.5067784086587125
12.200000000000001	6.352297800731768	(-0.0730276598620426+0.38046505148217685j)	0.5067784086587126
12.4	6.252593687342657	(-0.4622745987948791+0.6604821466602867j)	0.5067784086587127
12.600000000000001	6.375493289232367	(-0.28075003915304475+0.0544053558859529j)	0.5067784086587128
12.8	6.535064000262825	(0.428647507194898+0.3965721548042029j)	0.5067784086587129
13.0	6.549659550825149	(-0.21859954496660636+0.4060595962670656j)	0.506778408658713
13.200000000000001	6.237427971621878	(-0.5697331739315614-2.1308237291401055j)	0.5067784086587132
13.4	6.453330407964925	(0.53521944800645+0.056456520825791306j)	0.5067784086587135
13.600000000000001	6.308661207970309	(-0.5654565065232197+0.396340450512698j)	0.5067784086587135
13.8	6.372516624839035	(-0.09349101512314158+0.1652510460043997j)	0.5067784086587137
14.0	6.518556507722772	(2.0356481786399447+0.8299021448404303j)	0.5067784086587138
14.200000000000001	6.574114535288339	(-0.15073325481790817-0.021468654326741127j)	0.506778408658714
14.4	6.596362923605502	(-0.946246330555996+0.7922019791553697j)	0.5067784086587142
14.600000000000001	6.538195831789344	(0.16645866057427092+1.1164655238569055j)	0.5067784086587142
14.8	6.852289688247526	(1.1076651972201572-0.48188899572567656j)	0.5067784086587143
15.0	6.889599678229093	(-0.06042963138769162-2.306759179359832j)	0.5067784086587144
15.200000000000001	6.761072227241315	(0.5062544396093616+0.012420673816374163j)	0.5067784086587145
15.4	6.809401972637782	(-0.005612282640108581+0.34197671727653367j)	0.5067784086587147
15.600000000000001	6.905612158874633	(-0.8995291021551657-0.8134738974902743j)	0.5067784086587148
15.8	6.712493681537067	(0.9103087697506301-0.0896912134052203j)	0.5067784086587149
16.0	6.514488416102524	(0.7323297460229312-1.3694219484977312j)	0.506778408658715
16.2	6.661501951679741	(-0.3204141492937518-0.03101219438297761j)	0.5067784086587153
16.400000000000002	6.710014918234249	(0.6506738489180954+0.34689691206168843j)	0.5067784086587154
16.6	6.707381137464942	(-0.47018430489972896-0.9420424696460281j)	0.5067784086587155
16.8	6.6072927672951	(0.16869287179670617+1.6897702036704794j)	0.5067784086587157
17.0	6.404928298584263	(0.0707434446897432+0.2129974107267124j)	0.5067784086587158
17.2	6.616405655379864	(-0.5866453231107169+0.06543507193231081j)	0.5067784086587159
17.400000000000002	6.747227160637287	(-1.0251790304606239+0.15626300840410778j)	0.506778408658716
17.6	6.825898528291126	(0.27924361048039525+0.4129229366066875j)	0.506778408658716
17.8	6.6509285559261215	(0.11259744536128438-0.9909070728753202j)	0.5067784086587163
18.0	6.750050228680003	(0.8136509761872249-0.9519883795710191j)	0.5067784086587166
18.2	6.564775683341067	(-1.11658674279191+0.9058093885266292j)	0.5067784086587167
18.400000000000002	6.646670909783685	(0.23886793005371487+0.4271270490757606j)	0.5067784086587168
18.6	6.729778693349597	(-1.990085385823941+1.3560448706082333j)	0.5067784086587169
18.8	6.954442418192369	(-2.467577365965219-0.4961446072670989j)	0.506778408658717
19.0	6.689617047819414	(-2.3960219052358362+0.008181099720948371j)	0.5067784086587173
19.200000000000003	6.7032982146776074	(0.20850158508456984+1.4473355620845552j)	0.5067784086587173
19.400000000000002	6.983676422407804	(-0.70260238246296+0.27492824763319645j)	0.5067784086587175
19.6	6.858931031529238	(1.02806585842681-0.9084190977011963j)	0.5067784086587176
19.8	6.5244000212091775	(-0.4079036084223326-0.05822679406782863j)	0.5067784086587176
20.0	6.65921743220617	(-3.0280547964166877-2.8943121624437644j)	0.5067784086587179
20.200000000000003	6.7903185366829995	(-1.0112384160265924-0.054886775035009674j)	0.506778408658718
20.400000000000002	6.708051961181648	(0.44693984777895024+0.07765784478250805j)	0.5067784086587183
20.6	7.112157885848665	(-1.1059794377699006-0.08291383201565736j)	0.5067784086587184
20.8	7.078233587548612	(-0.25116987748617664+0.9313648603346835j)	0.5067784086587185
21.0	6.975164209693108	(-0.5349906475282854+0.5524594336035472j)	0.5067784086587186
21.200000000000003	7.207376422271709	(1.2556034520523935-0.7197553530830141j)	0.5067784086587186
21.400000000000002	7.170809668252697	(1.198246959883047-0.4619997950184368j)	0.5067784086587188
21.6	7.099787904231281	(-1.0303164225953914+1.110874529010916j)	0.5067784086587188
21.8	7.210592986113896	(-1.7976682226524552-0.6201378823412065j)	0.5067784086587189
22.0	7.208679493062551	(-1.1833383538772413-0.5239742974809709j)	0.5067784086587191
22.200000000000003	6.875458650637309	(0.007403958732846553+0.7051548202112301j)	0.5067784086587191
22.400000000000002	7.166593160695408	(0.24818641398786628+0.7993618745973637j)	0.5067784086587194
22.6	6.936372563272743	(0.29819939221918806+2.000180164949438j)	0.5067784086587195
22.8	6.960266328014565	(-0.49140336297556275+0.21554896045736147j)	0.5067784086587196
23.0	7.130611587319991	(2.5233961007827355-0.7629926464957025j)	0.5067784086587196
23.200000000000003	7.237344260197059	(-2.360489836168073-3.32592171310091j)	0.5067784086587198
23.400000000000002	7.272696988843002	(-0.3300519449513807+0.5097228162889149j)	0.5067784086587199
23.6	6.989207004972065	(0.0007528005709443792-0.7705016538267815j)	0.50677840865872
23.8	6.955372983610597	(0.6723401031700823+1.8452043703935954j)	0.5067784086587201
24.0	7.228092579924888	(1.8459220095778661+0.8752526400952453j)	0.5067784086587203
24.200000000000003	6.948138032347478	(-0.28878250109549386-0.8662308804874147j)	0.5067784086587206
24.400000000000002	7.196951759677801	(0.7489663684184212-0.949377722436672j)	0.5067784086587207
24.6	6.54577217311443	(-1.4079694740868247-2.4817466840849853j)	0.5067784086587209
24.8	7.019798337695302	(-0.4314095097930441+0.5148707435930435j)	0.506778408658721
25.0	6.759275306093696	(-1.443599212828222+3.204171277601898j)	0.506778408658721
25.200000000000003	6.900250377981261	(-1.6290317846346312-0.6918954817828827j)	0.5067784086587213
25.400000000000002	7.359244679665452	(-0.001835229805067636+1.5811782035306436j)	0.5067784086587214
25.6	7.042053827404134	(0.9267909736686396-0.7053849790035068j)	0.5067784086587215
25.8	7.066678572299367	(0.04211222598445159-0.41341658403304987j)	0.5067784086587216
26.0	6.794815044755156	(1.7451613463379847-1.3100912377464293j)	0.5067784086587218
26.200000000000003	7.2001289842175495	(-0.08933902773190519+0.06220650033445542j)	0.5067784086587219
26.400000000000002	7.014413550091939	(-0.17853796833093433-0.7568625197922447j)	0.5067784086587221
26.6	6.712999863545888	(-1.1384081509932962-0.7457556304437225j)	0.5067784086587223
26.8	7.224667745570613	(-2.715459065250988-1.9359101794267393j)	0.5067784086587225
27.0	6.90167402449369	(0.6488379714601578+1.3995717078404628j)	0.5067784086587225
27.200000000000003	6.999852149292457	(2.0574391574962623+0.8151588056912031j)	0.5067784086587227
27.400000000000002	6.8470001288562194	(1.1593106357170628+0.07569196440754773j)	0.5067784086587227
27.6	7.049258144247099	(0.7184869629168689+1.8407190354621572j)	0.5067784086587229
27.8	7.140765922070616	(-0.21372794502908876-1.5430238843669892j)	0.506778408658723
28.0	7.138458978542817	(-1.8850683212950061-2.572724837194603j)	0.5067784086587231
28.200000000000003	7.264439522071606	(-0.6115401648497447+2.312249394808697j)	0.5067784086587233
28.400000000000002	7.130182850126008	(-0.33334436713533244+0.2145209268943587j)	0.5067784086587234
28.6	6.973446491936573	(0.3626093017838615-0.14110501541862075j)	0.5067784086587236
28.8	7.162677274962195	(-0.37430259874409216+0.6307019384048492j)	0.5067784086587238
29.0	7.0552365858915325	(0.7318311939379001+0.7260277366998747j)	0.5067784086587238
29.200000000000003	7.210761232796839	(0.04076517823902964+0.08766938281329288j)	0.506778408658724
29.400000000000002	7.424206618444182	(0.30728408771277715-1.2591834487232976j)	0.5067784086587241
29.6	7.5800044620150695	(-0.3789248565527185-0.49201654507852144j)	0.5067784086587243
29.8	7.065811604954546	(0.005100537397446139-0.8185636402668668j)	0.5067784086587244
30.0	7.2753957740426145	(-2.178469360266523+1.3553813309380778j)	0.5067784086587245
30.200000000000003	7.559991854240558	(0.23624520530477883+0.8933398496873777j)	0.5067784086587247
30.400000000000002	7.2039473657414765	(1.2055332061846935+0.013147702204337251j)	0.5067784086587248
30.6	7.367766170314822	(0.9809675368329446+1.2502315489946818j)	0.506778408658725
30.8	7.487287142050768	(1.7545487214337077+0.2446770935426669j)	0.506778408658725
31.0	7.315547119480087	(-0.31684334383721857-0.4852816819049354j)	0.5067784086587253
31.200000000000003	7.410844232500723	(-0.28580293394011586+0.0187352232115107j)	0.5067784086587254
31.400000000000002	7.5152756439792965	(-1.5585362874660011-2.0611948510363067j)	0.5067784086587255
31.6	7.208351873848426	(-0.8963139090725387-1.8081564790902227j)	0.5067784086587255
31.8	7.518356522405749	(-0.9810210223931948+0.9692957990313691j)	0.5067784086587257
32.0	7.226634510557411	(0.22627918388549934-1.5072885332166348j)	0.5067784086587258
32.2	7.289784163397298	(0.4739026237213036+0.3667522583120827j)	0.5067784086587259
32.4	7.792814879504174	(-0.21068252670462595-0.6749078187598251j)	0.5067784086587261
32.6	7.345229899301297	(-0.6443756382709551-1.686144772298999j)	0.5067784086587264
32.800000000000004	7.48978020085279	(0.579214626122178-0.7250087911193484j)	0.5067784086587265
33.0	7.533352820541355	(-1.2337267814491817-1.47468924519432j)	0.5067784086587266
33.2	7.5356450867599465	(-2.013448768137465+0.35797129138254635j)	0.5067784086587267
33.4	7.411753691380099	(0.05752502763387115+0.07234557890633643j)	0.5067784086587269
33.6	7.425261484120877	(0.35973660058759893+0.23940284672666812j)	0.5067784086587269
33.800000000000004	7.371231667520998	(1.6520382347343567-0.7276164785531666j)	0.506778408658727
34.0	7.876710650448626	(0.32324119003163226-1.3619221569376239j)	0.506778408658727
34.2	7.572600770124938	(0.034156366598073536-0.5501145446227189j)	0.5067784086587273
34.4	7.742366490082026	(-1.4058586821295496-0.4038161968637794j)	0.5067784086587275
34.6	7.35660966010207	(0.12373006919997145+0.0774745965307637j)	0.5067784086587276
34.800000000000004	7.605015935864998	(0.3411446477932317+0.21239756560107217j)	0.5067784086587276
35.0	7.194376303311881	(0.8839679010777146-0.41187178440949207j)	0.5067784086587278
35.2	7.535423249788028	(-1.0509334643163435+0.062190645068864535j)	0.5067784086587279
35.4	7.451700557098735	(0.22036177979603458+1.3433817225513678j)	0.506778408658728
35.6	7.724316157797575	(1.2795061979873736+2.1424211892512988j)	0.5067784086587281
35.800000000000004	7.438424509432708	(-0.15532881927077422+0.11734221931577846j)	0.5067784086587283
36.0	7.613480845638719	(0.21615582060663427-1.0043599809282833j)	0.5067784086587284
36.2	7.985960104948722	(-0.1859259269182115-2.3176994796886277j)	0.5067784086587286
36.4	7.513437877823306	(1.1481933805163056-0.29051080304613736j)	0.5067784086587287
36.6	8.103009974690147	(-0.21821415073715694-0.15512789488035064j)	0.5067784086587288
36.800000000000004	7.4850044444851145	(0.39083292964249755+0.5559580573331264j)	0.5067784086587289
37.0	7.345516833924726	(-0.3641392937613425+0.8654320938488942j)	0.5067784086587291
37.2	8.00266557416564	(0.21921626212279877-0.8358347667019707j)	0.5067784086587293
37.4	7.5361216063384555	(-1.0055828401696563+1.2253927145106367j)	0.5067784086587293
37.6	7.646134256109133	(0.6536780685970172+0.4974174688690385j)	0.5067784086587295
37.800000000000004	7.704027633213169	(0.8866044597674313-0.45701893827416473j)	0.5067784086587296
38.0	8.01673989892971	(-1.9791259260390042+3.396239448410639j)	0.5067784086587297
38.2	8.054611351245866	(0.7855374577444039+1.5457259840281026j)	0.5067784086587298
38.400000000000006	7.598485489486711	(-0.011420232754348936+1.2545554812690525j)	0.50677840865873
38.6	7.707633093673201	(-0.4321101874884316+0.2382181684807959j)	0.5067784086587303
38.800000000000004	7.823886147919739	(-1.556442474018201+0.15696704637054806j)	0.5067784086587303
39.0	7.452662905237677	(-0.10157489537822678+0.12534053034232842j)	0.5067784086587304
39.2	7.7422421184905605	(2.585440344407029-2.5224240399183016j)	0.5067784086587306
39.400000000000006	7.910193098766912	(-2.681315980047414-0.35799690933542916j)	0.5067784086587308
39.6	8.011043470357437	(-0.8707589599926162+0.33884671016722495j)	0.5067784086587308
39.800000000000004	7.5166995076055985	(1.071016704655694+0.8855133310030617j)	0.5067784086587309
40.0	8.158813658610846	(-0.22377034926138276+0.3371072333255698j)	0.5067784086587309
40.2	8.190518769622901	(2.7706972579833042+1.1335257014319597j)	0.5067784086587312
40.400000000000006	7.858816766022605	(3.3375563215966713-0.2559380176054762j)	0.5067784086587312
40.6	7.844138067327092	(-0.11044223987871317-0.4788382060437774j)	0.5067784086587314
40.800000000000004	7.7966619562488	(1.469425310897499-0.9510395674985443j)	0.5067784086587315
41.0	7.940532363402862	(-0.18582015059403906-0.0673159700918518j)	0.5067784086587316
41.2	7.8437561145385635	(1.275119226860127+0.29331687250958216j)	0.5067784086587318
41.400000000000006	8.04970624238915	(1.8793086987287004-0.42706791275498146j)	0.5067784086587318
41.6	8.0407754698132	(-1.009726784175116+0.2901728315862107j)	0.5067784086587318
41.800000000000004	8.476889263982256	(-2.9047247948641934+4.284185986207021j)	0.506778408658732
42.0	8.501957240599994	(0.2624864314984965+0.916474311260887j)	0.5067784086587321
42.2	8.055112753711514	(2.719526204556062-1.6887872659230012j)	0.5067784086587321
42.400000000000006	8.455429896113591	(0.10893069415252803-0.6445061259983786j)	0.5067784086587324
42.6	8.293539275623582	(0.4524854594850131+1.4425832822823539j)	0.5067784086587325
42.800000000000004	8.168040398651522	(-0.5566029773419522+0.20178583527840116j)	0.5067784086587326
43.0	8.828892080529583	(0.4662531101274166+0.0983772160114179j)	0.5067784086587328
43.2	8.102903650935943	(-2.568803934057268+6.799661473697099j)	0.506778408658733
43.400000000000006	8.118667550603334	(-1.0534476006313291-0.6252739825501571j)	0.5067784086587331
43.6	8.09070101137093	(0.02369958463860307+0.38389870321309705j)	0.5067784086587332
43.800000000000004	8.25628321486309	(-0.2891816151792491-0.29469795221331885j)	0.5067784086587334
44.0	8.53958421436095	(1.5721157360880023+0.7223435989617689j)	0.5067784086587336
44.2	8.477097254143144	(0.7287259020583776-1.1728572931385661j)	0.5067784086587336
44.400000000000006	8.763274157382194	(-0.3849593299668089+0.08776924798867922j)	0.5067784086587338
44.6	8.067250578962827	(-2.4810921999566373-0.06598442157142655j)	0.5067784086587339
44.800000000000004	8.236211158070887	(-0.4408416436818792-1.1233196629236424j)	0.506778408658734
45.0	8.418485548533264	(1.4741159912962467+1.2333909329455077j)	0.5067784086587342
45.2	8.30583152573316	(-0.21437764757404232-0.8908748762526126j)	0.5067784086587344
45.400000000000006	8.426468975937109	(0.8754786100092553+1.3363266312046151j)	0.5067784086587346
45.6	8.071304250355665	(0.1919928139755569+2.6464298117241523j)	0.5067784086587347
45.800000000000004	8.621535506056345	(0.8415433058426626-1.0073098770894007j)	0.5067784086587348
46.0	8.333157895670897	(-0.19612663886124962-1.3464871430530179j)	0.506778408658735
46.2	8.389684249833072	(-0.5675788774187275+1.64991141314811j)	0.5067784086587351
46.400000000000006	8.639851843500937	(0.29736689347346-0.9676661020278722j)	0.5067784086587352
46.6	8.104780469441218	(-0.34092474454329924+0.13788819497430788j)	0.5067784086587355
46.800000000000004	8.515034315093057	(-0.5728878715741421-1.7474665085886993j)	0.5067784086587356
47.0	8.648922476841301	(2.6122639122160245-0.5437609451169474j)	0.5067784086587357
47.2	8.060212365665086	(-0.15909625347578715+0.19332091108633664j)	0.5067784086587359
47.400000000000006	8.466164363920118	(-0.3401897578330755+0.8965689873802005j)	0.506778408658736
47.6	8.624160429099565	(0.6022202928190709+1.4496296140694533j)	0.5067784086587361
47.800000000000004	8.368960401753883	(1.2601220860179452-1.8948694914450508j)	0.5067784086587362
48.0	8.425577438771409	(-0.6227355305749722-0.8982442298878688j)	0.5067784086587364
48.2	8.372306946867281	(-0.6184013050238995+1.1392878399403845j)	0.5067784086587366
48.400000000000006	8.395438854223254	(-0.7803255756294064+2.087716960202482j)	0.5067784086587367
48.6	8.654869431263187	(0.36212461032171855-0.7401241613479297j)	0.5067784086587369
48.800000000000004	8.69008101397343	(1.3455202102942432+1.6952127337690344j)	0.506778408658737
49.0	8.218356263999707	(-2.110782807348123-1.4246878361908404j)	0.5067784086587372
49.2	8.470536921486483	(0.9797268550543796+0.5972412471866411j)	0.5067784086587374
49.400000000000006	8.583023131723875	(2.487036089923069+1.8069154015160243j)	0.5067784086587376
49.6	8.446158933253272	(0.6435627560648465+0.1536707235774693j)	0.5067784086587377
49.800000000000004	8.46985815133335	(-0.5843780097524262-0.998216489428518j)	0.5067784086587378
50.0	8.9544222751325	(0.14893244834514352-1.1298365073544345j)	0.506778408658738
50.2	8.40796914843365	(-1.702136214586736-1.0508853969337781j)	0.506778408658738
50.400000000000006	8.838115510482506	(2.276260793584103+2.7689224847454867j)	0.5067784086587382
50.6	9.063171887910364	(-1.8620374264922883+0.3301659961908763j)	0.5067784086587382
50.800000000000004	8.558766819237967	(-3.30544941634197-1.3554369115466742j)	0.5067784086587385
51.0	8.478775440482245	(0.4540593476834076-0.08499826666373171j)	0.5067784086587386
51.2	8.829343102225508	(-0.8465443557124698+0.8632089389765041j)	0.5067784086587387
51.400000000000006	8.837653337686499	(-2.0180009121691485+2.9598005742587548j)	0.5067784086587389
51.6	8.914687200887958	(0.6602454362969901-0.7248221891261672j)	0.5067784086587389
51.800000000000004	8.85469701041751	(-1.7685867648813813+7.5172200836661j)	0.506778408658739
52.0	8.598553475120724	(0.19663358407713075-0.8176831996838247j)	0.5067784086587392
52.2	9.047962882845832	(0.868790795196092-0.46536120759025795j)	0.5067784086587394
52.400000000000006	9.044569416867805	(-1.5657376512393641-0.2939057253706998j)	0.5067784086587396
52.6	8.799449371863007	(0.5350471897027947+0.09425195030808342j)	0.5067784086587397
52.800000000000004	8.467195443563499	(2.124116751356258+2.8083276490869515j)	0.5067784086587399
53.0	8.83764064965532	(-0.30012533296207733+2.6291263208168574j)	0.5067784086587399
53.2	8.88797682422879	(2.35145402660854-0.4056895931667235j)	0.5067784086587401
53.400000000000006	8.77448430074084	(2.0447937106554286-0.19195326872978885j)	0.5067784086587402
53.6	8.51122348599228	(0.9889704942203494-0.3505780700921262j)	0.5067784086587405
53.800000000000004	8.597991712487591	(-2.980469858015654+0.7778328495729904j)	0.5067784086587406
54.0	8.75329157994388	(0.6497117269014085+1.6451960924603735j)	0.5067784086587408
54.2	8.68991099579743	(1.3586425904274255-2.1377146828646056j)	0.5067784086587409
54.400000000000006	8.59122362593189	(0.09744913960572933-1.4137778417031497j)	0.5067784086587411
54.6	9.165329130253212	(-3.631584951478703+6.027825487128174j)	0.5067784086587411
54.800000000000004	9.08553728381714	(-3.8115453401943484+2.3730206577981074j)	0.5067784086587414
55.0	8.7408452635534	(2.826520292002752-0.12037312920644855j)	0.5067784086587416
55.2	8.520893642413906	(-0.30751144006940495+0.06818801025779163j)	0.5067784086587417
55.400000000000006	8.729524342982641	(1.3801847084147334+0.1377085486545473j)	0.5067784086587419
55.6	8.472347897799175	(-1.1834033042051608-0.6235160898157871j)	0.506778408658742
55.800000000000004	8.772290506452393	(1.1349998659337375-0.0339851233972329j)	0.5067784086587421
56.0	8.73378196521815	(3.145871097545338+0.33919070914219446j)	0.5067784086587425
56.2	9.028033367790172	(-3.0986088371832174-1.0014076338611166j)	0.5067784086587426
56.400000000000006	8.717663652336343	(-2.3358422306776467+1.3002406159993403j)	0.5067784086587427
56.6	9.111701377876615	(1.4147881527609143+0.01147681250558913j)	0.5067784086587428
56.800000000000004	8.557471801589644	(1.185774398333926+0.41244672391777826j)	0.506778408658743
57.0	8.875242855947837	(1.386556934366521+0.6799346585412572j)	0.5067784086587431
57.2	8.986427014902159	(0.4637831623308479-0.3648065620034373j)	0.5067784086587432
57.400000000000006	8.506014198233212	(-1.5355386797557067-0.0152146103285358j)	0.5067784086587434
57.6	9.161885797979831	(-1.1603416528999793-1.8197263066802731j)	0.5067784086587436
57.800000000000004	8.634689612679006	(1.2876611339939983+0.06287061768710894j)	0.5067784086587437
58.0	9.021083917232204	(-1.9591448969558287+0.5654989247509762j)	0.5067784086587438
58.2	8.795901447700643	(2.052968136049751+0.8798961014492102j)	0.5067784086587439
58.400000000000006	8.449635349791873	(1.4134043728646695+2.4147185811048963j)	0.5067784086587441
58.6	9.239927579611365	(-0.6471125556634765+0.0021799276738638813j)	0.5067784086587442
58.800000000000004	8.718990083899312	(-0.5468222604672376+3.7658426242019423j)	0.5067784086587445
59.0	8.416679270636562	(1.0306386582006695-1.2011974387764102j)	0.5067784086587446
59.2	8.73759136380434	(-1.254362768002824-0.6995431555151248j)	0.5067784086587448
59.400000000000006	8.505949067835546	(-0.88021350247639-1.7359568713849463j)	0.506778408658745
59.6	8.723810306070716	(-0.15477168148556875-0.06442918348481277j)	0.5067784086587451
59.800000000000004	8.775812250250375	(2.367135500055+2.772412937397757j)	0.5067784086587453
60.0	9.130473807760376	(1.239864331261685+0.30719078029307667j)	0.5067784086587455
60.2	9.047916735956296	(-0.5370228117941419+1.901722870138317j)	0.5067784086587456
60.400000000000006	8.742872856805848	(0.9269703472500412+0.2541663970544354j)	0.5067784086587457
60.6	9.191396310873893	(1.2683362354896592-1.5800949326605767j)	0.5067784086587459
60.800000000000004	8.692728057934485	(-1.325141903229386+0.18970378919607164j)	0.506778408658746
61.0	9.018578892550256	(-2.5270739089887413+1.0070739676868121j)	0.5067784086587462
61.2	8.726313800470106	(0.8173919821441897-0.15318465336701673j)	0.5067784086587463
61.400000000000006	8.663765001266466	(0.4346721030077019+2.5327736550883975j)	0.5067784086587465
61.6	8.839398352433935	(-0.1993244409946178-1.327838103973748j)	0.5067784086587466
61.800000000000004	8.706813999729832	(1.1971534981764143-0.4150777453595546j)	0.5067784086587468
62.0	8.730304156228382	(1.4473368850354262+0.840543212623927j)	0.5067784086587469
62.2	8.86428064646322	(0.7947517191479568+0.6116016626664913j)	0.5067784086587471
62.400000000000006	9.132337518150056	(-2.3259973183588043-2.0150711206348078j)	0.5067784086587472
62.6	8.72969279768467	(-2.259885233243328-3.0923944851322305j)	0.5067784086587473
62.800000000000004	8.59436798457856	(0.11514260946518018-0.9141341069265161j)	0.5067784086587476
63.0	8.881076530634026	(-4.029685998686649+1.3742502879200849j)	0.5067784086587476
63.2	8.864530160636573	(-0.17197631829586812-0.38773499052640875j)	0.5067784086587478
63.400000000000006	8.668982993138602	(1.829558853117632+0.96335381135836j)	0.5067784086587479
63.6	8.692797003964143	(1.1623693515038747-1.0747867650054277j)	0.5067784086587481
63.800000000000004	8.706815933856394	(-0.17336475200278845-0.6834854464494308j)	0.5067784086587482
64.0	8.77042606793702	(3.0460130159664716+2.1986165163854143j)	0.5067784086587483
64.2	8.671691167334576	(-0.3724353520071329-0.1880800873087385j)	0.5067784086587485
64.4	8.641530683632013	(-1.8129058971860892+1.329779384233949j)	0.5067784086587486
64.60000000000001	8.732495258913131	(1.2461309963222014+1.5315948344671948j)	0.5067784086587487
64.8	8.702485133846777	(0.02344314730727091-0.48339671582500515j)	0.5067784086587489
65.0	8.781296249009994	(-4.161932995215386-0.6168689510858376j)	0.506778408658749
65.2	8.56116167366206	(0.6067364762076379+0.2141036539953786j)	0.5067784086587491
65.4	8.738006013132393	(1.0703440275638016+0.9312730274314766j)	0.5067784086587493
65.60000000000001	8.652121087288302	(-0.6423230426092174-1.7819816218958047j)	0.5067784086587496
65.8	9.101546681108836	(-1.4981320860572924-3.0756504123750275j)	0.5067784086587497
66.0	9.324015445102702	(-1.705750010859862+0.5299961233597196j)	0.5067784086587499
66.2	9.091853837253593	(-0.6064982395083116+1.162757911032173j)	0.5067784086587499
66.4	9.065162703030145	(0.2870121623965355-0.12933022007425893j)	0.5067784086587501
66.60000000000001	8.73346932891103	(2.7524268358924573+2.5865133745007785j)	0.5067784086587502
66.8	8.718312412287357	(-0.01363563813488218-0.06242132344301503j)	0.5067784086587505
67.0	8.718175077012873	(-1.8835452163361694-2.1820220920014686j)	0.5067784086587506
67.2	8.790257013872777	(1.2950964967752734+3.080120769105559j)	0.5067784086587507
67.4	9.081199929463837	(0.6246943217366006+0.862091980545984j)	0.5067784086587508
67.60000000000001	8.96692392381025	(-1.5156809668823912+4.3017705660109415j)	0.506778408658751
67.8	8.869727022755887	(1.228556827236795-0.5070433418752184j)	0.5067784086587511
68.0	8.962261639739175	(0.4775712939567019-0.9363573703567344j)	0.5067784086587512
68.2	8.609900881061069	(0.42427041877522803+0.8530244916204434j)	0.5067784086587515
68.4	9.082321801025612	(2.7404781827242903-2.0018968384491465j)	0.5067784086587517
68.60000000000001	8.903717421815472	(-0.005379763197573178-4.88377310089144j)	0.5067784086587518
68.8	8.769656400190543	(0.0926826794079018-0.7870895260627758j)	0.5067784086587519
69.0	8.76629724927695	(-0.7742756773854484+1.5686653358696794j)	0.506778408658752
69.2	8.67704187943994	(-0.42864795914266035+0.33972242827620924j)	0.5067784086587521
69.4	8.67713729615003	(-0.18990714974082398+4.185691676108835j)	0.5067784086587522
69.60000000000001	8.827737900638459	(7.129702242456646+0.15314960072768444j)	0.5067784086587523
69.8	8.913482528202575	(1.6727656851060742-0.799848939682132j)	0.5067784086587526
70.0	8.341688549642607	(0.7037773158530656+0.21692572885350306j)	0.5067784086587527
70.2	8.96030580898807	(0.5534177313279863+1.0753462658614834j)	0.5067784086587529
70.4	8.9019915365502	(0.5967563443148858-0.5129851598393069j)	0.506778408658753
70.60000000000001	8.354294179419835	(-7.632645257755032+0.8903831037476346j)	0.5067784086587531
70.8	8.989004774564899	(-0.7327597540709061-0.18625700055088837j)	0.5067784086587532
71.0	8.508315068901693	(2.8670476139268843+3.1633380671379983j)	0.5067784086587533
71.2	9.00052103291464	(-0.7529165880254577+0.7393257921242382j)	0.5067784086587536
71.4	8.92256867119501	(1.371987947812746-1.0799979332218332j)	0.5067784086587537
71.60000000000001	8.946686397135425	(-0.1992621144084433-0.2803595805981184j)	0.5067784086587539
71.8	8.683872948386597	(0.7976679770751128-0.4170189943387025j)	0.506778408658754
72.0	8.916015706518463	(2.3826369912576304-0.5481137323958915j)	0.5067784086587542
72.2	9.30915687646219	(2.0208683508076883-1.1592650703689107j)	0.5067784086587543
72.4	8.753980607485605	(-0.8710705816906713+0.028859480049688496j)	0.5067784086587545
72.60000000000001	8.808023167101538	(0.3396493286425022+0.11578101700439926j)	0.5067784086587546
72.8	8.896101993307235	(-0.5660170057113527-1.4257856782762277j)	0.5067784086587548
73.0	8.749037729673514	(-0.8955105550474608+1.288426571959796j)	0.5067784086587549
73.2	9.136283240955636	(0.0017251606096363816-1.0345602907895008j)	0.5067784086587551
73.4	8.79486549883214	(-4.33508513202811-1.8297836652174333j)	0.5067784086587553
73.60000000000001	8.79779861082734	(-2.5308710186237002+1.7801357400543185j)	0.5067784086587553
73.8	8.730427617312877	(2.6583379140237775+3.7529835102847797j)	0.5067784086587556
74.0	8.919439003546865	(-1.0486826511601142+3.833910159074407j)	0.5067784086587557
74.2	9.565589794920994	(-0.2788362576308951-0.8035914360947403j)	0.5067784086587558
74.4	8.825909727449595	(0.2454209382846061+0.025859891629745738j)	0.506778408658756
74.60000000000001	8.589146132037419	(-0.8256002942753847+0.47211640202596267j)	0.506778408658756
74.8	9.537680379658092	(2.2999353503410482-3.8629894075815683j)	0.5067784086587562
75.0	8.572738237301184	(-0.6777540340475651-0.04774602151051549j)	0.5067784086587563
75.2	9.199686990729434	(-4.11409992264478-1.3673300468072713j)	0.5067784086587566
75.4	9.331688119404179	(-0.4813970280178331-1.008812205697209j)	0.5067784086587567
75.60000000000001	8.718439677934985	(-2.8894913823710118-1.5101460783188072j)	0.5067784086587568
75.8	9.16420542580153	(0.26292489660226276+0.5392184583022228j)	0.5067784086587569
76.0	9.085574677852192	(0.2551701079305726-2.8587263793266366j)	0.5067784086587571
76.2	8.963904290934035	(0.8672292936735677+1.312523155749214j)	0.5067784086587571
76.4	8.75981282861303	(-0.8520318982561111-0.2987367715094517j)	0.5067784086587573
76.60000000000001	8.777845889823883	(1.3207878678609402-0.9969352581381888j)	0.5067784086587575
76.80000000000001	8.816663483521355	(-0.6572287880109551+1.6523756768403945j)	0.5067784086587577
77.0	8.975124024671542	(-0.6243800168470015-1.8668622583368482j)	0.5067784086587578
77.2	9.180373049835215	(-1.0267171189916886+0.67073031853798j)	0.5067784086587579
77.4	8.940748979771541	(0.5343508445409618+0.6276485817522294j)	0.5067784086587579
77.60000000000001	8.928872028936611	(1.29749001162902+1.4986899478412992j)	0.5067784086587581
77.80000000000001	9.161730220396255	(2.767260071688623-0.06693386437273818j)	0.5067784086587582
78.0	9.016585079287777	(0.6639492482619213+1.8110460705166866j)	0.5067784086587585
78.2	8.852007215213687	(-0.1737712143346977-0.034629853852065524j)	0.5067784086587586
78.4	8.90238749125004	(-0.24926239580728865-3.5775682925450933j)	0.5067784086587587
78.60000000000001	8.827712900014037	(-2.871940067234907-0.4066710130636334j)	0.5067784086587589
78.80000000000001	8.618798965734207	(0.6288521388763784+0.060148829192635825j)	0.506778408658759
79.0	8.87162917600903	(-0.006901909845739444+0.7089412294798499j)	0.506778408658759
79.2	8.970503988401664	(1.611312177457866+0.11433041693684017j)	0.5067784086587592
79.4	8.751614786217296	(1.2091733497844717-1.0713220846067362j)	0.5067784086587593
79.60000000000001	8.639150076363395	(3.644096736810771+0.7265884959804392j)	0.5067784086587594
79.80000000000001	8.899569547634323	(-1.7194351337383202-2.603477937798036j)	0.5067784086587596
80.0	8.703096211925818	(0.07543128170725288-0.5460740659277994j)	0.5067784086587597
80.2	8.760233435948875	(-0.7213575623239067+3.5894455599086865j)	0.5067784086587599
80.4	8.745447412947938	(-0.07787524047142416+0.5303820661139257j)	0.50677840865876
80.60000000000001	8.748628138986161	(-0.060288913548449556-0.3993506295340679j)	0.5067784086587601
80.80000000000001	8.847814152070542	(0.5041865827136109+2.2646130157987927j)	0.5067784086587602
81.0	9.131774429139746	(3.51139915400134+1.1876983194923072j)	0.5067784086587603
81.2	8.726371880625058	(0.7391691878124327-0.6538219611755597j)	0.5067784086587606
81.4	8.89724604295653	(0.13218421277630132-0.9646586297998764j)	0.5067784086587607
81.60000000000001	8.822755071732935	(2.4574787535133606-2.9285317828308393j)	0.5067784086587609
81.80000000000001	8.842069453730186	(-3.1761745369333334+1.552280611270521j)	0.506778408658761
82.0	9.04551087475264	(-0.3283084533865255+0.6488125986234936j)	0.5067784086587611
82.2	8.84819322118503	(0.5922841656240219+0.04686895901719984j)	0.5067784086587611
82.4	8.835362608221876	(0.2776188686480565+0.8737918471953187j)	0.5067784086587613
82.60000000000001	8.907476353386347	(0.5863344350860057+0.48568545640258093j)	0.5067784086587614
82.80000000000001	8.672442836174584	(-0.0693845847134385-1.7228453198879998j)	0.5067784086587617
83.0	9.047830912590912	(-0.9231566110706354-1.4995110670748177j)	0.5067784086587617
83.2	8.803229572822833	(-1.2758580337426995-3.902543020495966j)	0.5067784086587619
83.4	8.933511836639875	(0.23474024892394538-0.21498770708823162j)	0.5067784086587621
83.60000000000001	8.816484453513512	(-0.508239572085818+0.09615261789903391j)	0.5067784086587622
83.80000000000001	8.814363855857609	(-1.2398129312558477+1.2340168353160716j)	0.5067784086587623
84.0	8.78081892041981	(1.4549940605812677-3.1051533805074527j)	0.5067784086587624
84.2	8.84003822879942	(0.1853437812920462+0.8121440312514098j)	0.5067784086587626
84.4	8.800043640063121	(-0.5553005833577269-1.8163998716053773j)	0.5067784086587627
84.60000000000001	8.943238240745691	(4.20483303308801+0.6903597497835934j)	0.5067784086587629
84.80000000000001	8.55139323062567	(-0.7646094796088926-0.3561737230083483j)	0.506778408658763
85.0	8.557359012136963	(-0.11495436865923951-0.3921533778378367j)	0.5067784086587631
85.2	8.427481234697408	(-0.12470936837475992+0.9736751569496578j)	0.5067784086587633
85.4	8.636686369894328	(-2.0253496715464303+1.5865883018733626j)	0.5067784086587634
85.60000000000001	8.94789692936441	(0.2898456781129846+1.5113947927016351j)	0.5067784086587636
85.80000000000001	8.710727887267481	(4.46767681028554+2.997861316471946j)	0.5067784086587638
86.0	8.86135604613357	(0.7863167035880002-0.6963102713233061j)	0.5067784086587639
86.2	8.862180026938766	(0.07102921394266865+0.1365782526156088j)	0.5067784086587641
86.4	8.640491935211823	(-0.2639663629764559+1.0845341243080084j)	0.5067784086587641
86.60000000000001	8.516961587074096	(0.6666016589446352-0.8366024705895648j)	0.5067784086587643
86.80000000000001	8.679260024655878	(-1.7356976909872313+0.4703961936038681j)	0.5067784086587644
87.0	8.747113749433966	(0.6191223050418484-1.7144893665102046j)	0.5067784086587646
87.2	8.341721171786878	(-1.1271750456678726+1.2411386506808668j)	0.5067784086587648
87.4	8.492046654244042	(0.00890491219111563-1.0809821299096698j)	0.5067784086587649
87.60000000000001	8.480222407043172	(1.4848785403150258-0.40920449244834894j)	0.506778408658765
87.80000000000001	8.382741170715953	(1.897583909377398+0.8218695252173543j)	0.506778408658765
88.0	8.507798329273017	(1.0034392946083495-0.5888208236519924j)	0.5067784086587652
88.2	8.100419097162973	(-0.07138509555091113-0.044902377550570034j)	0.5067784086587653
88.4	8.43479218573708	(1.9801658114059748+0.2142119054263865j)	0.5067784086587654
88.60000000000001	8.543319804320241	(-0.20824852235618682+1.6083904149361286j)	0.5067784086587656
88.80000000000001	8.474703774498275	(0.1632106437827054+0.48937714052406844j)	0.5067784086587658
89.0	8.573186219773111	(1.7555139110634586+1.9383180912308735j)	0.5067784086587659
89.2	8.406440420830581	(0.5980212398076289+0.28681668216191425j)	0.506778408658766
89.4	8.57280717834171	(-1.0546924717524244-0.34978149279975096j)	0.5067784086587662
89.60000000000001	8.311146065913109	(0.3262474419705146+0.20401281842767643j)	0.5067784086587663
89.80000000000001	8.362475303200078	(0.7402414989393759-0.34211443736783853j)	0.5067784086587666
90.0	8.639345933981666	(-2.214773672401183+1.4427122857826251j)	0.5067784086587667
90.2	8.603469934841293	(1.7740003966469808+1.5051994310993224j)	0.5067784086587669
90.4	8.402463659369605	(0.24852135923514482+0.47791009703697546j)	0.506778408658767
90.60000000000001	8.210430021239715	(-0.15576068995826597-1.2105629635864317j)	0.506778408658767
90.80000000000001	8.481552545806727	(3.0499031353493424+2.518368619739957j)	0.5067784086587671
91.0	8.650051302646435	(0.7680321768843386-0.44600888288992085j)	0.5067784086587674
91.2	8.335125649744837	(0.4161017621776665-0.49836855936139973j)	0.5067784086587674
91.4	8.402313442429195	(-0.6693409682640094-2.505505514624926j)	0.5067784086587676
91.60000000000001	8.658205395864	(-0.8593971262345603-0.3401092482802942j)	0.5067784086587677
91.80000000000001	8.76765922770563	(-2.4595761574815187-1.0473163406924293j)	0.5067784086587678
92.0	8.58078397533923	(0.26237037284522285+1.1313438792897332j)	0.5067784086587679
92.2	8.212513138812175	(-0.15042684402749873+0.33675444573134483j)	0.5067784086587681
92.4	8.76079076039521	(-0.19279759216718376+1.1158025336310746j)	0.5067784086587681
92.60000000000001	8.38912119460636	(-0.11547325393481729+0.14821847900580376j)	0.5067784086587682
92.80000000000001	8.148217882141918	(-0.37108918493361753+0.24233741740860354j)	0.5067784086587683
93.0	8.1515173861605	(1.958952947153381-0.5385118395121583j)	0.5067784086587686
93.2	8.44114449382774	(-0.3854520935527565-0.22703869197281318j)	0.5067784086587687
93.4	8.458352749256166	(-0.37173054153669927-0.3514113878508032j)	0.5067784086587689
93.60000000000001	8.023126150612486	(-0.9981566983719774+0.6453773973952839j)	0.5067784086587689
93.80000000000001	8.343821198232634	(0.6796913364978486-0.854498312809955j)	0.5067784086587691
94.0	8.005241693477393	(0.223087342549355-0.4830881682176068j)	0.5067784086587692
94.2	8.256590317458665	(0.5787489118445789+0.3266256418953439j)	0.5067784086587693
94.4	8.485952117074147	(-0.024382507284676325-0.18130827309040223j)	0.5067784086587694
94.60000000000001	8.273717005415227	(-0.13422851828210777-1.9020006440034263j)	0.5067784086587696
94.80000000000001	8.45969752846411	(-0.5085311434477986-0.32683673873750374j)	0.5067784086587697
95.0	8.045640134401532	(0.3535901010537632+0.7984646552022052j)	0.5067784086587698
95.2	8.067050291762762	(-0.3143138731573031-0.6372598168869474j)	0.50677840865877
95.4	8.360366317649083	(0.2664954122022462-0.1087315839072078j)	0.5067784086587701
95.60000000000001	7.893436342381198	(-0.3337765796986927+0.12659248265825032j)	0.5067784086587702
95.80000000000001	8.572101624352952	(1.3103632289704923+0.16354836668048922j)	0.5067784086587703
96.0	8.00740915478378	(0.3744787673575001+0.19440134870014528j)	0.5067784086587704
96.2	8.595563433400551	(0.041451398937674945+0.1420403912515236j)	0.5067784086587707
96.4	7.974194711725966	(-0.8209685627488695+1.6042549022366588j)	0.5067784086587707
96.60000000000001	8.281870299081914	(0.3434621017126745-1.2361124483943342j)	0.5067784086587708
96.80000000000001	8.092020653320539	(0.6904745784060375+1.6048241867835862j)	0.5067784086587709
97.0	8.416955220412557	(-0.23189947630355098-0.02940610814831793j)	0.5067784086587711
97.2	8.377292791873279	(1.3692204632220106-0.31319060448477143j)	0.5067784086587712
97.4	8.554695521597822	(0.38003187586710774+0.053607478818534525j)	0.5067784086587713
97.60000000000001	7.640963759431094	(-0.035257512845426615-0.029953788133896465j)	0.5067784086587716
97.80000000000001	8.449345656143327	(-0.6188830928259772-1.350005747377116j)	0.5067784086587717
98.0	8.101011428723206	(-3.8671109989069183-2.4315413023184815j)	0.5067784086587718
98.2	8.40204704560527	(-0.00838340108003188+0.600578138705498j)	0.5067784086587719
98.4	8.425283629134034	(-1.7364363340314104+2.6225766042731795j)	0.506778408658772
98.60000000000001	8.216477599118583	(1.3824633879068822-1.288694274508855j)	0.5067784086587721
98.80000000000001	8.544288803922978	(0.06665018244681067-0.014766048868212681j)	0.5067784086587722
99.0	8.271655345341252	(0.37050993860602816+0.48572370642807583j)	0.5067784086587723
99.2	7.9651768256923186	(0.6870491462170234+0.4787690747812977j)	0.5067784086587726
99.4	8.072258183750698	(1.262491544409702-1.254474905997721j)	0.5067784086587727
99.60000000000001	7.83687677682219	(-0.6130490676828444-2.3514499347495734j)	0.5067784086587729
99.80000000000001	7.939960642116113	(0.001783737854825262-0.45593589583802047j)	0.5067784086587729
100.0	8.036545532420849	(0.33913853172057956+1.0925571444548206j)	0.5067784086587731
